<?xml version="1.0" encoding="UTF-8"?>
<testsuite xmlns:xsi="http://www.w3.org/2001/XMLSchema-instance" xsi:noNamespaceSchemaLocation="https://maven.apache.org/surefire/maven-surefire-plugin/xsd/surefire-test-report-3.0.xsd" version="3.0" name="com.epam.training.ticketservice.core.configuration.InMemoryDatabaseInitializerTest" time="1.907" tests="1" errors="0" skipped="0" failures="0">
  <properties>
[...]
</properties>
  <testcase name="testInitShouldCallUserRepository" classname="com.epam.training.ticketservice.core.configuration.InMemoryDatabaseInitializerTest" time="1.872"/>
</testsuite>