<?xml version="1.0" encoding="UTF-8" ?>
<testsuite tests="17" failures="0" name="com.training.epam.ticketservice.at.TestExecutor" time="314.862" errors="0" skipped="0">
  <properties>
[...]
</properties>
  <testcase classname="allow creating accounts and logging in" name="the admin account exists by default and can be logged in with the correct password" time="9.613"/>
  <testcase classname="allow creating accounts and logging in" name="the admin account can be signed out" time="11.471"/>
  <testcase classname="allow creating accounts and logging in" name="the admin account can not be logged in with incorrect password" time="9.106"/>
  <testcase classname="allows creating movie descriptions" name="an admin user can create and list movies" time="11.517"/>
  <testcase classname="allows creating movie descriptions" name="an admin user can update a movie" time="14.027"/>
  <testcase classname="allows creating movie descriptions" name="an admin user can delete a movie" time="14.05"/>
  <testcase classname="allows creating movie descriptions" name="an unauthenticated user can list movies" time="14.038"/>
  <testcase classname="allow creating, reading, updating and deleting rooms where the screenings will happen" name="an admin user can create and list rooms" time="11.5"/>
  <testcase classname="allow creating, reading, updating and deleting rooms where the screenings will happen" name="an admin user can update a room" time="14.154"/>
  <testcase classname="allow creating, reading, updating and deleting rooms where the screenings will happen" name="an admin user can delete a room" time="14.006"/>
  <testcase classname="allow creating, reading, updating and deleting rooms where the screenings will happen" name="an unauthenticated user can list rooms" time="14.015"/>
  <testcase classname="allows creating, deleting and listing screenings" name="The admin user can create and query screenings" time="29.1"/>
  <testcase classname="allows creating, deleting and listing screenings" name="The admin can not create overlapping screenings in the same room" time="29.074"/>
  <testcase classname="allows creating, deleting and listing screenings" name="The admin can create overlapping screenings in different rooms" time="29.065"/>
  <testcase classname="allows creating, deleting and listing screenings" name="The admin can not create screenings during a 10 minute long breaks after another screening in the same room" time="29.101"/>
  <testcase classname="allows creating, deleting and listing screenings" name="The admin can create screenings even if there is a break after a screening in a different room" time="31.608"/>
  <testcase classname="allows creating, deleting and listing screenings" name="The admin user can delete screenings" time="29.417"/>
</testsuite>